<?xml version="1.0" encoding="UTF-8"?>
<!-- Generated by org.testng.reporters.JUnitXMLReporter -->
<testsuite hostname="DESKTOP-CD2E1TO" name="kitchen_api" tests="1" failures="1" timestamp="2 Jun 2021 06:30:17 GMT" time="4.301" errors="0">
  <testcase name="loginCorrect" time="3.717" classname="com.helinfengxs.cases.LoginCases">
    <failure type="java.lang.AssertionError" message="The following asserts failed:
expected [成功] but found [null]">
      <![CDATA[java.lang.AssertionError: The following asserts failed:
expected [成功] but found [null]
	at com.helinfengxs.util.Util.testNgAssert(Util.java:388)
	at com.helinfengxs.cases.LoginCases.loginCorrect(LoginCases.java:39)
	at com.helinfengxs.api.TestNgIsOk.main(TestNgIsOk.java:19)
... Removed 22 stack frames]]>
    </failure>
  </testcase> <!-- loginCorrect -->
</testsuite> <!-- kitchen_api -->
