<?xml version="1.0" encoding="UTF-8"?>
<testng-results skipped="0" failed="1" total="1" passed="0">
  <reporter-output>
  </reporter-output>
  <suite name="厨房安全v1.0" duration-ms="4301" started-at="2021-06-02T06:30:12Z" finished-at="2021-06-02T06:30:17Z">
    <groups>
    </groups>
    <test name="kitchen_api" duration-ms="4301" started-at="2021-06-02T06:30:12Z" finished-at="2021-06-02T06:30:17Z">
      <class name="com.helinfengxs.cases.LoginCases">
        <test-method status="PASS" signature="init()[pri:0, instance:com.helinfengxs.cases.LoginCases@a4102b8]" name="init" is-config="true" duration-ms="570" started-at="2021-06-02T14:30:12Z" description="根据yaml文件中的模块名得到该模块所有用例数据以及初始化url" finished-at="2021-06-02T14:30:13Z">
          <reporter-output>
          </reporter-output>
        </test-method> <!-- init -->
        <test-method status="FAIL" signature="loginCorrect()[pri:0, instance:com.helinfengxs.cases.LoginCases@a4102b8]" name="loginCorrect" duration-ms="3717" started-at="2021-06-02T14:30:13Z" description="正常登录" finished-at="2021-06-02T14:30:17Z">
          <exception class="java.lang.AssertionError">
            <message>
              <![CDATA[The following asserts failed:
expected [成功] but found [null]]]>
            </message>
            <full-stacktrace>
              <![CDATA[java.lang.AssertionError: The following asserts failed:
expected [成功] but found [null]
	at org.testng.asserts.SoftAssert.assertAll(SoftAssert.java:38)
	at com.helinfengxs.util.Util.testNgAssert(Util.java:388)
	at com.helinfengxs.cases.LoginCases.loginCorrect(LoginCases.java:39)
	at sun.reflect.NativeMethodAccessorImpl.invoke0(Native Method)
	at sun.reflect.NativeMethodAccessorImpl.invoke(NativeMethodAccessorImpl.java:62)
	at sun.reflect.DelegatingMethodAccessorImpl.invoke(DelegatingMethodAccessorImpl.java:43)
	at java.lang.reflect.Method.invoke(Method.java:498)
	at org.testng.internal.MethodInvocationHelper.invokeMethod(MethodInvocationHelper.java:85)
	at org.testng.internal.Invoker.invokeMethod(Invoker.java:696)
	at org.testng.internal.Invoker.invokeTestMethod(Invoker.java:882)
	at org.testng.internal.Invoker.invokeTestMethods(Invoker.java:1189)
	at org.testng.internal.TestMethodWorker.invokeTestMethods(TestMethodWorker.java:124)
	at org.testng.internal.TestMethodWorker.run(TestMethodWorker.java:108)
	at org.testng.TestRunner.privateRun(TestRunner.java:767)
	at org.testng.TestRunner.run(TestRunner.java:617)
	at org.testng.SuiteRunner.runTest(SuiteRunner.java:348)
	at org.testng.SuiteRunner.runSequentially(SuiteRunner.java:343)
	at org.testng.SuiteRunner.privateRun(SuiteRunner.java:305)
	at org.testng.SuiteRunner.run(SuiteRunner.java:254)
	at org.testng.SuiteRunnerWorker.runSuite(SuiteRunnerWorker.java:52)
	at org.testng.SuiteRunnerWorker.run(SuiteRunnerWorker.java:86)
	at org.testng.TestNG.runSuitesSequentially(TestNG.java:1224)
	at org.testng.TestNG.runSuitesLocally(TestNG.java:1149)
	at org.testng.TestNG.run(TestNG.java:1057)
	at com.helinfengxs.api.TestNgIsOk.main(TestNgIsOk.java:19)
]]>
            </full-stacktrace>
          </exception> <!-- java.lang.AssertionError -->
          <reporter-output>
          </reporter-output>
        </test-method> <!-- loginCorrect -->
      </class> <!-- com.helinfengxs.cases.LoginCases01 -->
    </test> <!-- kitchen_api -->
  </suite> <!-- 厨房安全v1.0 -->
</testng-results>
